# Progress Log
- Update 1: test(components) at 23:35:52
- Update 2: build(config) at 23:35:52
- Update 3: build(utils) at 23:35:52
- Update 4: ci(dashboard) at 23:35:52
- Update 5: chore(tests) at 23:35:52
- Update 6: style(docs) at 23:35:52
- Update 7: feat(utils) at 23:35:52
- Update 8: ci(config) at 23:35:52
- Update 9: perf(components) at 23:35:52
- Update 10: build(styles) at 23:35:52
- Update 11: build(core) at 23:35:52
- Update 12: ci(utils) at 23:35:52
- Update 13: perf(core) at 23:35:52
- Update 14: feat(docs) at 23:35:52
- Update 15: chore(tests) at 23:35:52
- Update 16: chore(config) at 23:35:52
- Update 17: fix(config) at 23:35:52
- Update 18: docs(docs) at 23:35:52
- Update 19: docs(styles) at 23:35:52
- Update 20: perf(dashboard) at 23:35:53
- Update 21: chore(tests) at 23:35:53
- Update 22: fix(components) at 23:35:53
- Update 23: perf(config) at 23:35:53
- Update 24: style(dashboard) at 23:35:53
- Update 25: chore(utils) at 23:35:53
- Update 26: test(tests) at 23:35:53
- Update 27: fix(docs) at 23:35:53
- Update 28: perf(styles) at 23:35:53
- Update 29: refactor(components) at 23:35:53
- Update 30: build(api) at 23:35:53
- Update 31: refactor(styles) at 23:35:53
- Update 32: docs(styles) at 23:35:53
- Update 33: docs(components) at 23:35:53
- Update 34: ci(core) at 23:35:53
- Update 35: test(utils) at 23:35:53
- Update 36: build(api) at 23:35:53
- Update 37: build(styles) at 23:35:53
- Update 38: feat(dashboard) at 23:35:53
- Update 39: fix(core) at 23:35:53
- Update 40: style(auth) at 23:35:53
